# JRE version: Java(TM) SE Runtime Environment (8.0_231-b11) (build 1.8.0_231-b11)
# Java VM: Java HotSpot(TM) 64-Bit Server VM (25.231-b11 mixed mode windows-amd64 compressed oops)
Heap:
 PSYoungGen      total 1342464K, used 161730K [0x000000076b180000, 0x00000007c0000000, 0x00000007c0000000)
  eden space 1293824K, 11% used [0x000000076b180000,0x0000000774904290,0x00000007ba100000)
  from space 48640K, 13% used [0x00000007ba100000,0x00000007ba76c5a0,0x00000007bd080000)
  to   space 48640K, 0% used [0x00000007bd080000,0x00000007bd080000,0x00000007c0000000)
 ParOldGen       total 554496K, used 331224K [0x00000006c1400000, 0x00000006e3180000, 0x000000076b180000)
  object space 554496K, 59% used [0x00000006c1400000,0x00000006d57762d0,0x00000006e3180000)
 Metaspace       used 93274K, capacity 105564K, committed 105856K, reserved 1138688K
  class space    used 13500K, capacity 16465K, committed 16512K, reserved 1048576K
GC Heap History (10 events):
Event: 27.236 GC heap before
{Heap before GC invocations=65 (full 3):
 PSYoungGen      total 1349120K, used 1327258K [0x000000076b180000, 0x00000007c0000000, 0x00000007c0000000)
  eden space 1307136K, 100% used [0x000000076b180000,0x00000007bae00000,0x00000007bae00000)
  from space 41984K, 47% used [0x00000007bae00000,0x00000007bc1a6be0,0x00000007bd700000)
  to   space 41472K, 0% used [0x00000007bd780000,0x00000007bd780000,0x00000007c0000000)
 ParOldGen       total 331264K, used 277160K [0x00000006c1400000, 0x00000006d5780000, 0x000000076b180000)
  object space 331264K, 83% used [0x00000006c1400000,0x00000006d22aa3b0,0x00000006d5780000)
 Metaspace       used 75804K, capacity 83902K, committed 84096K, reserved 1120256K
  class space    used 10940K, capacity 13147K, committed 13184K, reserved 1048576K
Event: 27.248 GC heap after
Heap after GC invocations=65 (full 3):
 PSYoungGen      total 1347584K, used 18440K [0x000000076b180000, 0x00000007bfe80000, 0x00000007c0000000)
  eden space 1307648K, 0% used [0x000000076b180000,0x000000076b180000,0x00000007bae80000)
  from space 39936K, 46% used [0x00000007bd780000,0x00000007be982098,0x00000007bfe80000)
  to   space 40960K, 0% used [0x00000007bae80000,0x00000007bae80000,0x00000007bd680000)
 ParOldGen       total 331264K, used 279575K [0x00000006c1400000, 0x00000006d5780000, 0x000000076b180000)
  object space 331264K, 84% used [0x00000006c1400000,0x00000006d2505fa0,0x00000006d5780000)
 Metaspace       used 75804K, capacity 83902K, committed 84096K, reserved 1120256K
  class space    used 10940K, capacity 13147K, committed 13184K, reserved 1048576K
}
Event: 32.143 GC heap before
{Heap before GC invocations=66 (full 3):
 PSYoungGen      total 1347584K, used 1326088K [0x000000076b180000, 0x00000007bfe80000, 0x00000007c0000000)
  eden space 1307648K, 100% used [0x000000076b180000,0x00000007bae80000,0x00000007bae80000)
  from space 39936K, 46% used [0x00000007bd780000,0x00000007be982098,0x00000007bfe80000)
  to   space 40960K, 0% used [0x00000007bae80000,0x00000007bae80000,0x00000007bd680000)
 ParOldGen       total 331264K, used 279581K [0x00000006c1400000, 0x00000006d5780000, 0x000000076b180000)
  object space 331264K, 84% used [0x00000006c1400000,0x00000006d25075f8,0x00000006d5780000)
 Metaspace       used 81049K, capacity 91194K, committed 91264K, reserved 1126400K
  class space    used 11810K, capacity 14439K, committed 14464K, reserved 1048576K
Event: 32.165 GC heap after
Heap after GC invocations=66 (full 3):
 PSYoungGen      total 1348608K, used 15854K [0x000000076b180000, 0x00000007c0000000, 0x00000007c0000000)
  eden space 1307648K, 0% used [0x000000076b180000,0x000000076b180000,0x00000007bae80000)
  from space 40960K, 38% used [0x00000007bae80000,0x00000007bbdfb948,0x00000007bd680000)
  to   space 40960K, 0% used [0x00000007bd800000,0x00000007bd800000,0x00000007c0000000)
 ParOldGen       total 331264K, used 295672K [0x00000006c1400000, 0x00000006d5780000, 0x000000076b180000)
  object space 331264K, 89% used [0x00000006c1400000,0x00000006d34be2d0,0x00000006d5780000)
 Metaspace       used 81049K, capacity 91194K, committed 91264K, reserved 1126400K
  class space    used 11810K, capacity 14439K, committed 14464K, reserved 1048576K
}
Event: 36.319 GC heap before
{Heap before GC invocations=67 (full 3):
 PSYoungGen      total 1348608K, used 1323502K [0x000000076b180000, 0x00000007c0000000, 0x00000007c0000000)
  eden space 1307648K, 100% used [0x000000076b180000,0x00000007bae80000,0x00000007bae80000)
  from space 40960K, 38% used [0x00000007bae80000,0x00000007bbdfb948,0x00000007bd680000)
  to   space 40960K, 0% used [0x00000007bd800000,0x00000007bd800000,0x00000007c0000000)
 ParOldGen       total 331264K, used 295704K [0x00000006c1400000, 0x00000006d5780000, 0x000000076b180000)
  object space 331264K, 89% used [0x00000006c1400000,0x00000006d34c6158,0x00000006d5780000)
 Metaspace       used 85675K, capacity 96920K, committed 97280K, reserved 1130496K
  class space    used 12446K, capacity 15237K, committed 15360K, reserved 1048576K
Event: 36.356 GC heap after
Heap after GC invocations=67 (full 3):
 PSYoungGen      total 1334784K, used 40939K [0x000000076b180000, 0x00000007c0000000, 0x00000007c0000000)
  eden space 1293824K, 0% used [0x000000076b180000,0x000000076b180000,0x00000007ba100000)
  from space 40960K, 99% used [0x00000007bd800000,0x00000007bfffacd8,0x00000007c0000000)
  to   space 48640K, 0% used [0x00000007ba100000,0x00000007ba100000,0x00000007bd080000)
 ParOldGen       total 331264K, used 304450K [0x00000006c1400000, 0x00000006d5780000, 0x000000076b180000)
  object space 331264K, 91% used [0x00000006c1400000,0x00000006d3d50858,0x00000006d5780000)
 Metaspace       used 85675K, capacity 96920K, committed 97280K, reserved 1130496K
  class space    used 12446K, capacity 15237K, committed 15360K, reserved 1048576K
}
Event: 36.926 GC heap before
{Heap before GC invocations=68 (full 3):
 PSYoungGen      total 1334784K, used 181556K [0x000000076b180000, 0x00000007c0000000, 0x00000007c0000000)
  eden space 1293824K, 10% used [0x000000076b180000,0x0000000773ad2688,0x00000007ba100000)
  from space 40960K, 99% used [0x00000007bd800000,0x00000007bfffacd8,0x00000007c0000000)
  to   space 48640K, 0% used [0x00000007ba100000,0x00000007ba100000,0x00000007bd080000)
 ParOldGen       total 331264K, used 304450K [0x00000006c1400000, 0x00000006d5780000, 0x000000076b180000)
  object space 331264K, 91% used [0x00000006c1400000,0x00000006d3d50858,0x00000006d5780000)
 Metaspace       used 86826K, capacity 98480K, committed 98560K, reserved 1132544K
  class space    used 12578K, capacity 15409K, committed 15488K, reserved 1048576K
Event: 36.959 GC heap after
Heap after GC invocations=68 (full 3):
 PSYoungGen      total 1342464K, used 48627K [0x000000076b180000, 0x00000007c0000000, 0x00000007c0000000)
  eden space 1293824K, 0% used [0x000000076b180000,0x000000076b180000,0x00000007ba100000)
  from space 48640K, 99% used [0x00000007ba100000,0x00000007bd07cc38,0x00000007bd080000)
  to   space 48640K, 0% used [0x00000007bd080000,0x00000007bd080000,0x00000007c0000000)
 ParOldGen       total 331264K, used 316997K [0x00000006c1400000, 0x00000006d5780000, 0x000000076b180000)
  object space 331264K, 95% used [0x00000006c1400000,0x00000006d49915a0,0x00000006d5780000)
 Metaspace       used 86826K, capacity 98480K, committed 98560K, reserved 1132544K
  class space    used 12578K, capacity 15409K, committed 15488K, reserved 1048576K
}
Event: 36.959 GC heap before
{Heap before GC invocations=69 (full 4):
 PSYoungGen      total 1342464K, used 48627K [0x000000076b180000, 0x00000007c0000000, 0x00000007c0000000)
  eden space 1293824K, 0% used [0x000000076b180000,0x000000076b180000,0x00000007ba100000)
  from space 48640K, 99% used [0x00000007ba100000,0x00000007bd07cc38,0x00000007bd080000)
  to   space 48640K, 0% used [0x00000007bd080000,0x00000007bd080000,0x00000007c0000000)
 ParOldGen       total 331264K, used 316997K [0x00000006c1400000, 0x00000006d5780000, 0x000000076b180000)
  object space 331264K, 95% used [0x00000006c1400000,0x00000006d49915a0,0x00000006d5780000)
 Metaspace       used 86826K, capacity 98480K, committed 98560K, reserved 1132544K
  class space    used 12578K, capacity 15409K, committed 15488K, reserved 1048576K
Event: 38.184 GC heap after
Heap after GC invocations=69 (full 4):
 PSYoungGen      total 1342464K, used 6577K [0x000000076b180000, 0x00000007c0000000, 0x00000007c0000000)
  eden space 1293824K, 0% used [0x000000076b180000,0x000000076b180000,0x00000007ba100000)
  from space 48640K, 13% used [0x00000007ba100000,0x00000007ba76c5a0,0x00000007bd080000)
  to   space 48640K, 0% used [0x00000007bd080000,0x00000007bd080000,0x00000007c0000000)
 ParOldGen       total 554496K, used 331224K [0x00000006c1400000, 0x00000006e3180000, 0x000000076b180000)
  object space 554496K, 59% used [0x00000006c1400000,0x00000006d57762d0,0x00000006e3180000)
 Metaspace       used 86798K, capacity 98410K, committed 98560K, reserved 1132544K
  class space    used 12567K, capacity 15392K, committed 15488K, reserved 1048576K
}

